{"contracts/Raffle.sol":{"l":{"56":3,"57":3,"58":3,"59":3,"60":3,"61":3,"62":3,"63":3,"67":5,"68":1,"71":4,"72":1,"75":3,"76":3,"91":1,"92":1,"93":1,"94":1,"96":1,"100":1,"101":1,"102":0,"108":1,"109":1,"117":1,"121":0,"122":0,"130":0,"137":0,"138":0,"139":0,"140":0,"141":0,"142":0,"143":0,"145":0,"146":0,"149":0,"154":5,"158":1,"162":0,"166":1,"170":0,"174":0,"178":0,"182":0,"186":6},"path":"/Users/alexandrturchin/Documents/education/blockchain/hh-sc-lottery/contracts/Raffle.sol","s":{"1":5,"2":4,"3":3,"4":3,"5":1,"6":1,"7":1,"8":1,"9":1,"10":1,"11":1,"12":1,"13":0,"14":0,"15":0,"16":0,"17":0,"18":0,"19":0,"20":5,"21":1,"22":0,"23":1,"24":0,"25":0,"26":0,"27":0,"28":6},"b":{"1":[1,4],"2":[1,3],"3":[0,1],"4":[0,0]},"f":{"1":3,"2":5,"3":1,"4":1,"5":0,"6":0,"7":5,"8":1,"9":0,"10":1,"11":0,"12":0,"13":0,"14":0,"15":6},"fnMap":{"1":{"name":"constructor","line":55,"loc":{"start":{"line":48,"column":4},"end":{"line":64,"column":4}}},"2":{"name":"enterRaffle","line":66,"loc":{"start":{"line":66,"column":4},"end":{"line":77,"column":4}}},"3":{"name":"checkUpkeep","line":88,"loc":{"start":{"line":88,"column":4},"end":{"line":97,"column":4}}},"4":{"name":"performUpkeep","line":99,"loc":{"start":{"line":99,"column":4},"end":{"line":118,"column":4}}},"5":{"name":"requestRandomWinner","line":120,"loc":{"start":{"line":120,"column":4},"end":{"line":131,"column":4}}},"6":{"name":"fulfillRandomWords","line":133,"loc":{"start":{"line":133,"column":4},"end":{"line":150,"column":4}}},"7":{"name":"getEntranceFee","line":153,"loc":{"start":{"line":153,"column":4},"end":{"line":155,"column":4}}},"8":{"name":"getPlayer","line":157,"loc":{"start":{"line":157,"column":4},"end":{"line":159,"column":4}}},"9":{"name":"getRecentWinner","line":161,"loc":{"start":{"line":161,"column":4},"end":{"line":163,"column":4}}},"10":{"name":"getRaffleState","line":165,"loc":{"start":{"line":165,"column":4},"end":{"line":167,"column":4}}},"11":{"name":"getNumWords","line":169,"loc":{"start":{"line":169,"column":4},"end":{"line":171,"column":4}}},"12":{"name":"getNumberOfPlayers","line":173,"loc":{"start":{"line":173,"column":4},"end":{"line":175,"column":4}}},"13":{"name":"getLatestTimestamp","line":177,"loc":{"start":{"line":177,"column":4},"end":{"line":179,"column":4}}},"14":{"name":"getRequestConfirmations","line":181,"loc":{"start":{"line":181,"column":4},"end":{"line":183,"column":4}}},"15":{"name":"getInterval","line":185,"loc":{"start":{"line":185,"column":4},"end":{"line":187,"column":4}}}},"statementMap":{"1":{"start":{"line":67,"column":8},"end":{"line":67,"column":2282}},"2":{"start":{"line":71,"column":8},"end":{"line":71,"column":2384}},"3":{"start":{"line":75,"column":8},"end":{"line":75,"column":42}},"4":{"start":{"line":76,"column":8},"end":{"line":76,"column":36}},"5":{"start":{"line":91,"column":8},"end":{"line":91,"column":55}},"6":{"start":{"line":92,"column":8},"end":{"line":92,"column":76}},"7":{"start":{"line":93,"column":8},"end":{"line":93,"column":46}},"8":{"start":{"line":94,"column":8},"end":{"line":94,"column":51}},"9":{"start":{"line":100,"column":8},"end":{"line":100,"column":47}},"10":{"start":{"line":101,"column":8},"end":{"line":101,"column":3577}},"11":{"start":{"line":109,"column":8},"end":{"line":109,"column":3821}},"12":{"start":{"line":117,"column":8},"end":{"line":117,"column":45}},"13":{"start":{"line":122,"column":8},"end":{"line":122,"column":4200}},"14":{"start":{"line":130,"column":8},"end":{"line":130,"column":45}},"15":{"start":{"line":137,"column":8},"end":{"line":137,"column":65}},"16":{"start":{"line":138,"column":8},"end":{"line":138,"column":63}},"17":{"start":{"line":143,"column":8},"end":{"line":143,"column":78}},"18":{"start":{"line":145,"column":8},"end":{"line":145,"column":4994}},"19":{"start":{"line":149,"column":8},"end":{"line":149,"column":39}},"20":{"start":{"line":154,"column":8},"end":{"line":154,"column":28}},"21":{"start":{"line":158,"column":8},"end":{"line":158,"column":31}},"22":{"start":{"line":162,"column":8},"end":{"line":162,"column":29}},"23":{"start":{"line":166,"column":8},"end":{"line":166,"column":28}},"24":{"start":{"line":170,"column":8},"end":{"line":170,"column":24}},"25":{"start":{"line":174,"column":8},"end":{"line":174,"column":31}},"26":{"start":{"line":178,"column":8},"end":{"line":178,"column":30}},"27":{"start":{"line":182,"column":8},"end":{"line":182,"column":36}},"28":{"start":{"line":186,"column":8},"end":{"line":186,"column":25}}},"branchMap":{"1":{"line":67,"type":"if","locations":[{"start":{"line":67,"column":8},"end":{"line":67,"column":8}},{"start":{"line":67,"column":8},"end":{"line":67,"column":8}}]},"2":{"line":71,"type":"if","locations":[{"start":{"line":71,"column":8},"end":{"line":71,"column":8}},{"start":{"line":71,"column":8},"end":{"line":71,"column":8}}]},"3":{"line":101,"type":"if","locations":[{"start":{"line":101,"column":8},"end":{"line":101,"column":8}},{"start":{"line":101,"column":8},"end":{"line":101,"column":8}}]},"4":{"line":145,"type":"if","locations":[{"start":{"line":145,"column":8},"end":{"line":145,"column":8}},{"start":{"line":145,"column":8},"end":{"line":145,"column":8}}]}}},"contracts/test/VRFCoordinatorV2Mock.sol":{"l":{},"path":"/Users/alexandrturchin/Documents/education/blockchain/hh-sc-lottery/contracts/test/VRFCoordinatorV2Mock.sol","s":{},"b":{},"f":{},"fnMap":{},"statementMap":{},"branchMap":{}}}